<?xml version="1.0" encoding="UTF-8"?>
<!-- Generated by org.testng.reporters.JUnitReportReporter -->
<testsuite hostname="karima-hp" failures="0" tests="1" name="com.tutorialsninja.qa.testcases.CreateAccountTest" time="6.732" errors="0" timestamp="09 Apr 2023 13:15:08 GMT" skipped="0">
  <testcase classname="com.tutorialsninja.qa.testcases.CreateAccountTest" name="VerifyRegisteringAnAccountUsingValidCredentials" time="6.732"/>
</testsuite> <!-- com.tutorialsninja.qa.testcases.CreateAccountTest -->
